[    0.000000] Initializing cgroup subsys cpuset
[    0.000000] Initializing cgroup subsys cpu
[    0.000000] Initializing cgroup subsys cpuacct
[    0.000000] Linux version 4.4.0-96-generic (buildd@lgw01-10) (gcc version 5.4.0 20160609 (Ubuntu 5.4.0-6ubuntu1~16.04.4) ) #119-Ubuntu SMP Tue Sep 12 14:59:54 UTC 2017 (Ubuntu 4.4.0-96.119-generic 4.4.83)
[    0.000000] Command line: BOOT_IMAGE=/boot/vmlinuz-4.4.0-96-generic root=LABEL=cloudimg-rootfs ro console=tty1 console=ttyS0
[    0.000000] KERNEL supported cpus:
[    0.000000]   Intel GenuineIntel
[    0.000000]   AMD AuthenticAMD
[    0.000000]   Centaur CentaurHauls
[    0.000000] ------------[ cut here ]------------
[    0.000000] WARNING: CPU: 0 PID: 0 at /build/linux-z2ccW0/linux-4.4.0/arch/x86/kernel/fpu/xstate.c:517 fpu__init_system_xstate+0x38b/0x75a()
[    0.000000] XSAVE consistency problem, dumping leaves
[    0.000000] Modules linked in:
[    0.000000] CPU: 0 PID: 0 Comm: swapper Not tainted 4.4.0-96-generic #119-Ubuntu
[    0.000000]  0000000000000086 30b26ec741b9bd45 ffffffff81e03d80 ffffffff813fabd3
[    0.000000]  ffffffff81e03dc8 ffffffff81caa650 ffffffff81e03db8 ffffffff810812e2
[    0.000000]  ffffffff81e03e48 ffffffff81e03e4c 0000000000000008 0000000000000100
[    0.000000] Call Trace:
[    0.000000]  [<ffffffff813fabd3>] dump_stack+0x63/0x90
[    0.000000]  [<ffffffff810812e2>] warn_slowpath_common+0x82/0xc0
[    0.000000]  [<ffffffff8108137c>] warn_slowpath_fmt+0x5c/0x80
[    0.000000]  [<ffffffff8107cff0>] ? xfeature_size+0x59/0x77
[    0.000000]  [<ffffffff81f6e20b>] fpu__init_system_xstate+0x38b/0x75a
[    0.000000]  [<ffffffff81f5e120>] ? early_idt_handler_array+0x120/0x120
[    0.000000]  [<ffffffff81f6db76>] fpu__init_system+0x10d/0x245
[    0.000000]  [<ffffffff81f6ec7f>] early_cpu_init+0x139/0x13e
[    0.000000]  [<ffffffff81f6ec7f>] ? early_cpu_init+0x139/0x13e
[    0.000000]  [<ffffffff81f6a181>] setup_arch+0xb4/0xcf6
[    0.000000]  [<ffffffff81f5e120>] ? early_idt_handler_array+0x120/0x120
[    0.000000]  [<ffffffff81f5ec74>] start_kernel+0xe4/0x4a2
[    0.000000]  [<ffffffff81f5e120>] ? early_idt_handler_array+0x120/0x120
[    0.000000]  [<ffffffff81f5e339>] x86_64_start_reservations+0x2a/0x2c
[    0.000000]  [<ffffffff81f5e485>] x86_64_start_kernel+0x14a/0x16d
[    0.000000] ---[ end trace 4d5ff9f2f68c4233 ]---
[    0.000000] CPUID[0d, 00]: eax=00000007 ebx=00000440 ecx=00000440 edx=00000000
[    0.000000] CPUID[0d, 01]: eax=00000000 ebx=000003c0 ecx=00000000 edx=00000000
[    0.000000] CPUID[0d, 02]: eax=00000100 ebx=00000240 ecx=00000000 edx=00000000
[    0.000000] CPUID[0d, 03]: eax=00000000 ebx=00000000 ecx=00000000 edx=00000000
[    0.000000] CPUID[0d, 04]: eax=00000000 ebx=00000000 ecx=00000000 edx=00000000
[    0.000000] CPUID[0d, 05]: eax=00000000 ebx=00000000 ecx=00000000 edx=00000000
[    0.000000] CPUID[0d, 06]: eax=00000000 ebx=00000000 ecx=00000000 edx=00000000
[    0.000000] CPUID[0d, 07]: eax=00000000 ebx=00000000 ecx=00000000 edx=00000000
[    0.000000] CPUID[0d, 08]: eax=00000000 ebx=00000000 ecx=00000000 edx=00000000
[    0.000000] CPUID[0d, 09]: eax=00000000 ebx=00000000 ecx=00000000 edx=00000000
[    0.000000] CPUID[0d, 0a]: eax=00000000 ebx=00000000 ecx=00000000 edx=00000000
[    0.000000] CPUID[0d, 0b]: eax=00000000 ebx=00000000 ecx=00000000 edx=00000000
[    0.000000] CPUID[0d, 0c]: eax=00000000 ebx=00000000 ecx=00000000 edx=00000000
[    0.000000] CPUID[0d, 0d]: eax=00000000 ebx=00000000 ecx=00000000 edx=00000000
[    0.000000] CPUID[0d, 0e]: eax=00000000 ebx=00000000 ecx=00000000 edx=00000000
[    0.000000] CPUID[0d, 0f]: eax=00000000 ebx=00000000 ecx=00000000 edx=00000000
[    0.000000] CPUID[0d, 10]: eax=00000000 ebx=00000000 ecx=00000000 edx=00000000
[    0.000000] CPUID[0d, 11]: eax=00000000 ebx=00000000 ecx=00000000 edx=00000000
[    0.000000] x86/fpu: xstate_offset[2]:  576, xstate_sizes[2]:  256
[    0.000000] x86/fpu: Supporting XSAVE feature 0x01: 'x87 floating point registers'
[    0.000000] x86/fpu: Supporting XSAVE feature 0x02: 'SSE registers'
[    0.000000] x86/fpu: Supporting XSAVE feature 0x04: 'AVX registers'
[    0.000000] x86/fpu: Enabled xstate features 0x7, context size is 1088 bytes, using 'standard' format.
[    0.000000] x86/fpu: Using 'lazy' FPU context switches.
[    0.000000] e820: BIOS-provided physical RAM map:
[    0.000000] BIOS-e820: [mem 0x0000000000000000-0x000000000009fbff] usable
[    0.000000] BIOS-e820: [mem 0x000000000009fc00-0x000000000009ffff] reserved
[    0.000000] BIOS-e820: [mem 0x00000000000f0000-0x00000000000fffff] reserved
[    0.000000] BIOS-e820: [mem 0x0000000000100000-0x000000003ffeffff] usable
[    0.000000] BIOS-e820: [mem 0x000000003fff0000-0x000000003fffffff] ACPI data
[    0.000000] BIOS-e820: [mem 0x00000000fec00000-0x00000000fec00fff] reserved
[    0.000000] BIOS-e820: [mem 0x00000000fee00000-0x00000000fee00fff] reserved
[    0.000000] BIOS-e820: [mem 0x00000000fffc0000-0x00000000ffffffff] reserved
[    0.000000] NX (Execute Disable) protection: active
[    0.000000] SMBIOS 2.5 present.
[    0.000000] Hypervisor detected: KVM
[    0.000000] e820: last_pfn = 0x3fff0 max_arch_pfn = 0x400000000
[    0.000000] MTRR: Disabled
[    0.000000] x86/PAT: MTRRs disabled, skipping PAT initialization too.
[    0.000000] CPU MTRRs all blank - virtualized system.
[    0.000000] x86/PAT: Configuration [0-7]: WB  WT  UC- UC  WB  WT  UC- UC  
[    0.000000] found SMP MP-table at [mem 0x0009fff0-0x0009ffff] mapped at [ffff88000009fff0]
[    0.000000] Scanning 1 areas for low memory corruption
[    0.000000] RAMDISK: [mem 0x36ad8000-0x37563fff]
[    0.000000] ACPI: Early table checksum verification disabled
[    0.000000] ACPI: RSDP 0x00000000000E0000 000024 (v02 VBOX  )
[    0.000000] ACPI: XSDT 0x000000003FFF0030 00003C (v01 VBOX   VBOXXSDT 00000001 ASL  00000061)
[    0.000000] ACPI: FACP 0x000000003FFF00F0 0000F4 (v04 VBOX   VBOXFACP 00000001 ASL  00000061)
[    0.000000] ACPI: DSDT 0x000000003FFF0470 0021FF (v02 VBOX   VBOXBIOS 00000002 INTL 20100528)
[    0.000000] ACPI: FACS 0x000000003FFF0200 000040
[    0.000000] ACPI: FACS 0x000000003FFF0200 000040
[    0.000000] ACPI: APIC 0x000000003FFF0240 000054 (v02 VBOX   VBOXAPIC 00000001 ASL  00000061)
[    0.000000] ACPI: SSDT 0x000000003FFF02A0 0001CC (v01 VBOX   VBOXCPUT 00000002 INTL 20100528)
[    0.000000] No NUMA configuration found
[    0.000000] Faking a node at [mem 0x0000000000000000-0x000000003ffeffff]
[    0.000000] NODE_DATA(0) allocated [mem 0x3ffeb000-0x3ffeffff]
[    0.000000] kvm-clock: Using msrs 4b564d01 and 4b564d00
[    0.000000] kvm-clock: cpu 0, msr 0:3ffe3001, primary cpu clock
[    0.000000] kvm-clock: using sched offset of 4289575149 cycles
[    0.000000] clocksource: kvm-clock: mask: 0xffffffffffffffff max_cycles: 0x1cd42e4dffb, max_idle_ns: 881590591483 ns
[    0.000000] Zone ranges:
[    0.000000]   DMA      [mem 0x0000000000001000-0x0000000000ffffff]
[    0.000000]   DMA32    [mem 0x0000000001000000-0x000000003ffeffff]
[    0.000000]   Normal   empty
[    0.000000]   Device   empty
[    0.000000] Movable zone start for each node
[    0.000000] Early memory node ranges
[    0.000000]   node   0: [mem 0x0000000000001000-0x000000000009efff]
[    0.000000]   node   0: [mem 0x0000000000100000-0x000000003ffeffff]
[    0.000000] Initmem setup node 0 [mem 0x0000000000001000-0x000000003ffeffff]
[    0.000000] ACPI: PM-Timer IO Port: 0x4008
[    0.000000] IOAPIC[0]: apic_id 1, version 32, address 0xfec00000, GSI 0-23
[    0.000000] ACPI: INT_SRC_OVR (bus 0 bus_irq 0 global_irq 2 dfl dfl)
[    0.000000] ACPI: INT_SRC_OVR (bus 0 bus_irq 9 global_irq 9 high level)
[    0.000000] Using ACPI (MADT) for SMP configuration information
[    0.000000] smpboot: Allowing 1 CPUs, 0 hotplug CPUs
[    0.000000] PM: Registered nosave memory: [mem 0x00000000-0x00000fff]
[    0.000000] PM: Registered nosave memory: [mem 0x0009f000-0x0009ffff]
[    0.000000] PM: Registered nosave memory: [mem 0x000a0000-0x000effff]
[    0.000000] PM: Registered nosave memory: [mem 0x000f0000-0x000fffff]
[    0.000000] e820: [mem 0x40000000-0xfebfffff] available for PCI devices
[    0.000000] Booting paravirtualized kernel on KVM
[    0.000000] clocksource: refined-jiffies: mask: 0xffffffff max_cycles: 0xffffffff, max_idle_ns: 7645519600211568 ns
[    0.000000] setup_percpu: NR_CPUS:512 nr_cpumask_bits:512 nr_cpu_ids:1 nr_node_ids:1
[    0.000000] PERCPU: Embedded 34 pages/cpu @ffff88003fc00000 s98328 r8192 d32744 u2097152
[    0.000000] PV qspinlock hash table entries: 256 (order: 0, 4096 bytes)
[    0.000000] Built 1 zonelists in Node order, mobility grouping on.  Total pages: 257913
[    0.000000] Policy zone: DMA32
[    0.000000] Kernel command line: BOOT_IMAGE=/boot/vmlinuz-4.4.0-96-generic root=LABEL=cloudimg-rootfs ro console=tty1 console=ttyS0
[    0.000000] PID hash table entries: 4096 (order: 3, 32768 bytes)
[    0.000000] Memory: 1001900K/1048120K available (8479K kernel code, 1294K rwdata, 3984K rodata, 1492K init, 1316K bss, 46220K reserved, 0K cma-reserved)
[    0.000000] SLUB: HWalign=64, Order=0-3, MinObjects=0, CPUs=1, Nodes=1
[    0.000000] Hierarchical RCU implementation.
[    0.000000] 	Build-time adjustment of leaf fanout to 64.
[    0.000000] 	RCU restricting CPUs from NR_CPUS=512 to nr_cpu_ids=1.
[    0.000000] RCU: Adjusting geometry for rcu_fanout_leaf=64, nr_cpu_ids=1
[    0.000000] NR_IRQS:33024 nr_irqs:256 16
[    0.000000] Console: colour VGA+ 80x25
[    0.000000] console [tty1] enabled
[    0.000000] console [ttyS0] enabled
[    0.000000] tsc: Detected 2399.996 MHz processor
[    5.503499] Calibrating delay loop (skipped) preset value.. 4799.99 BogoMIPS (lpj=9599984)
[    5.571914] pid_max: default: 32768 minimum: 301
[    5.626222] ACPI: Core revision 20150930
[    5.671019] ACPI: 2 ACPI AML tables successfully acquired and loaded
[    5.708651] Security Framework initialized
[    5.735470] Yama: becoming mindful.
[    5.756035] AppArmor: AppArmor initialized
[    5.765449] Dentry cache hash table entries: 131072 (order: 8, 1048576 bytes)
[    5.811543] Inode-cache hash table entries: 65536 (order: 7, 524288 bytes)
[    5.829961] Mount-cache hash table entries: 2048 (order: 2, 16384 bytes)
[    5.852743] Mountpoint-cache hash table entries: 2048 (order: 2, 16384 bytes)
[    5.885108] Initializing cgroup subsys io
[    5.897234] Initializing cgroup subsys memory
[    5.940560] Initializing cgroup subsys devices
[    5.979495] Initializing cgroup subsys freezer
[    5.998318] Initializing cgroup subsys net_cls
[    6.000991] Initializing cgroup subsys perf_event
[    6.020793] Initializing cgroup subsys net_prio
[    6.040741] Initializing cgroup subsys hugetlb
[    6.064253] Initializing cgroup subsys pids
[    6.073038] CPU: Physical Processor ID: 0
[    6.088467] mce: CPU supports 0 MCE banks
[    6.120023] process: using mwait in idle threads
[    6.134570] Last level iTLB entries: 4KB 64, 2MB 8, 4MB 8
[    6.158705] Last level dTLB entries: 4KB 64, 2MB 0, 4MB 0, 1GB 4
[    6.203094] Freeing SMP alternatives memory: 32K
[    6.249098] ftrace: allocating 32146 entries in 126 pages
[    6.369062] smpboot: APIC(0) Converting physical 0 to logical package 0
[    6.408713] smpboot: Max logical packages: 1
[    6.438915] x2apic enabled
[    6.464830] Switched APIC routing to physical x2apic.
[    6.489774] ..TIMER: vector=0x30 apic1=0 pin1=2 apic2=-1 pin2=-1
[    6.628989] smpboot: CPU0: Intel(R) Core(TM) i5-6200U CPU @ 2.30GHz (family: 0x6, model: 0x4e, stepping: 0x3)
[    6.698249] Performance Events: unsupported p6 CPU model 78 no PMU driver, software events only.
[    6.739563] KVM setup paravirtual spinlock
[    6.757898] x86: Booted up 1 node, 1 CPUs
[    6.775771] smpboot: Total of 1 processors activated (4799.99 BogoMIPS)
[    6.826288] devtmpfs: initialized
[    6.850558] evm: security.selinux
[    6.866184] evm: security.SMACK64
[    6.880865] evm: security.SMACK64EXEC
[    6.920708] evm: security.SMACK64TRANSMUTE
[    6.925760] evm: security.SMACK64MMAP
[    6.942907] evm: security.ima
[    6.956722] evm: security.capability
[    6.966266] clocksource: jiffies: mask: 0xffffffff max_cycles: 0xffffffff, max_idle_ns: 7645041785100000 ns
[    6.985993] futex hash table entries: 256 (order: 2, 16384 bytes)
[    7.007538] pinctrl core: initialized pinctrl subsystem
[    7.030450] RTC time: 11:44:04, date: 10/02/17
[    7.051969] NET: Registered protocol family 16
[    7.082617] cpuidle: using governor ladder
[    7.110351] cpuidle: using governor menu
[    7.119240] PCCT header not found.
[    7.135321] ACPI: bus type PCI registered
[    7.173442] acpiphp: ACPI Hot Plug PCI Controller Driver version: 0.5
[    7.232181] PCI: Using configuration type 1 for base access
[    7.248369] ACPI: Added _OSI(Module Device)
[    7.284038] ACPI: Added _OSI(Processor Device)
[    7.308541] ACPI: Added _OSI(3.0 _SCP Extensions)
[    7.352618] ACPI: Added _OSI(Processor Aggregator Device)
[    7.398889] ACPI: Executed 1 blocks of module-level executable AML code
[    7.422879] ACPI: Interpreter enabled
[    7.447076] ACPI: (supports S0 S5)
[    7.459592] ACPI: Using IOAPIC for interrupt routing
[    7.491567] PCI: Using host bridge windows from ACPI; if necessary, use "pci=nocrs" and report a bug
[    7.556013] ACPI: PCI Root Bridge [PCI0] (domain 0000 [bus 00-ff])
[    7.592571] acpi PNP0A03:00: _OSC: OS supports [ASPM ClockPM Segments MSI]
[    7.647654] acpi PNP0A03:00: _OSC: not requesting OS control; OS requires [ExtendedConfig ASPM ClockPM MSI]
[    7.729460] acpi PNP0A03:00: fail to add MMCONFIG information, can't access extended PCI configuration space under this bridge.
[    7.815938] PCI host bridge to bus 0000:00
[    7.854045] pci_bus 0000:00: root bus resource [io  0x0000-0x0cf7 window]
[    7.913208] pci_bus 0000:00: root bus resource [io  0x0d00-0xffff window]
[    7.986208] pci_bus 0000:00: root bus resource [mem 0x000a0000-0x000bffff window]
[    8.020239] pci_bus 0000:00: root bus resource [mem 0x40000000-0xffdfffff window]
[    8.078439] pci_bus 0000:00: root bus resource [bus 00-ff]
[    8.096143] pci 0000:00:01.1: legacy IDE quirk: reg 0x10: [io  0x01f0-0x01f7]
[    8.126840] pci 0000:00:01.1: legacy IDE quirk: reg 0x14: [io  0x03f6]
[    8.175401] pci 0000:00:01.1: legacy IDE quirk: reg 0x18: [io  0x0170-0x0177]
[    8.255884] pci 0000:00:01.1: legacy IDE quirk: reg 0x1c: [io  0x0376]
[    8.307980] pci 0000:00:07.0: quirk: [io  0x4000-0x403f] claimed by PIIX4 ACPI
[    8.353404] pci 0000:00:07.0: quirk: [io  0x4100-0x410f] claimed by PIIX4 SMB
[    8.394199] ACPI: PCI Interrupt Link [LNKA] (IRQs 5 9 10 *11)
[    8.430460] ACPI: PCI Interrupt Link [LNKB] (IRQs 5 9 10 *11)
[    8.459037] ACPI: PCI Interrupt Link [LNKC] (IRQs 5 9 *10 11)
[    8.486351] ACPI: PCI Interrupt Link [LNKD] (IRQs 5 *9 10 11)
[    8.542351] ACPI: Enabled 2 GPEs in block 00 to 07
[    8.586325] vgaarb: setting as boot device: PCI:0000:00:02.0
[    8.651973] vgaarb: device added: PCI:0000:00:02.0,decodes=io+mem,owns=io+mem,locks=none
[    8.700893] vgaarb: loaded
[    8.730476] vgaarb: bridge control possible 0000:00:02.0
[    8.763285] SCSI subsystem initialized
[    8.812835] ACPI: bus type USB registered
[    8.875753] usbcore: registered new interface driver usbfs
[    8.902286] usbcore: registered new interface driver hub
[    8.956198] usbcore: registered new device driver usb
[    9.025068] PCI: Using ACPI for IRQ routing
[    9.075886] NetLabel: Initializing
[    9.125929] NetLabel:  domain hash size = 128
[    9.164504] NetLabel:  protocols = UNLABELED CIPSOv4
[    9.189910] NetLabel:  unlabeled traffic allowed by default
[    9.220351] amd_nb: Cannot enumerate AMD northbridges
[    9.239049] clocksource: Switched to clocksource kvm-clock
[    9.330853] AppArmor: AppArmor Filesystem Enabled
[    9.381136] pnp: PnP ACPI init
[    9.444743] pnp: PnP ACPI: found 3 devices
[    9.509034] clocksource: acpi_pm: mask: 0xffffff max_cycles: 0xffffff, max_idle_ns: 2085701024 ns
[    9.608298] NET: Registered protocol family 2
[    9.686470] TCP established hash table entries: 8192 (order: 4, 65536 bytes)
[    9.813974] TCP bind hash table entries: 8192 (order: 5, 131072 bytes)
[    9.924014] TCP: Hash tables configured (established 8192 bind 8192)
[    9.964176] UDP hash table entries: 512 (order: 2, 16384 bytes)
[   10.040967] UDP-Lite hash table entries: 512 (order: 2, 16384 bytes)
[   10.085673] NET: Registered protocol family 1
[   10.141562] pci 0000:00:00.0: Limiting direct PCI/PCI transfers
[   10.245501] pci 0000:00:01.0: Activating ISA DMA hang workarounds
[   10.268513] Unpacking initramfs...
[   12.720595] Freeing initrd memory: 10800K
[   12.742713] platform rtc_cmos: registered platform RTC device (no PNP device found)
[   12.802689] Scanning for low memory corruption every 60 seconds
[   12.870107] audit: initializing netlink subsys (disabled)
[   12.913686] audit: type=2000 audit(1506944647.001:1): initialized
[   13.030933] Initialise system trusted keyring
[   13.063425] HugeTLB registered 2 MB page size, pre-allocated 0 pages
[   13.155170] zbud: loaded
[   13.207643] VFS: Disk quotas dquot_6.6.0
[   13.234016] VFS: Dquot-cache hash table entries: 512 (order 0, 4096 bytes)
[   13.322674] squashfs: version 4.0 (2009/01/31) Phillip Lougher
[   13.370615] fuse init (API version 7.23)
[   13.417619] Key type big_key registered
[   13.455104] Allocating IMA MOK and blacklist keyrings.
[   13.521003] Key type asymmetric registered
[   13.581221] Asymmetric key parser 'x509' registered
[   13.617881] Block layer SCSI generic (bsg) driver version 0.4 loaded (major 249)
[   13.635918] io scheduler noop registered
[   13.666758] io scheduler deadline registered (default)
[   13.691192] io scheduler cfq registered
[   13.730493] pci_hotplug: PCI Hot Plug PCI Core version: 0.5
[   13.803937] tsc: Refined TSC clocksource calibration: 2400.137 MHz
[   13.869905] clocksource: tsc: mask: 0xffffffffffffffff max_cycles: 0x2298b8e9c5c, max_idle_ns: 440795314471 ns
[   13.973358] pciehp: PCI Express Hot Plug Controller Driver version: 0.4
[   14.123158] ACPI: AC Adapter [AC] (on-line)
[   14.191748] input: Power Button as /devices/LNXSYSTM:00/LNXPWRBN:00/input/input0
[   14.275695] ACPI: Power Button [PWRF]
[   14.293853] input: Sleep Button as /devices/LNXSYSTM:00/LNXSLPBN:00/input/input1
[   14.395200] ACPI: Sleep Button [SLPF]
[   14.436911] ACPI: Battery Slot [BAT0] (battery present)
[   14.510641] GHES: HEST is not enabled!
[   14.572834] Serial: 8250/16550 driver, 32 ports, IRQ sharing enabled
[   14.670032] 00:02: ttyS0 at I/O 0x3f8 (irq = 4, base_baud = 115200) is a 16550A
[   14.734549] Linux agpgart interface v0.103
[   14.748925] loop: module loaded
[   14.752463] scsi host0: ata_piix
[   14.769675] scsi host1: ata_piix
[   14.780538] ata1: PATA max UDMA/33 cmd 0x1f0 ctl 0x3f6 bmdma 0xd000 irq 14
[   14.821509] ata2: PATA max UDMA/33 cmd 0x170 ctl 0x376 bmdma 0xd008 irq 15
[   14.863533] libphy: Fixed MDIO Bus: probed
[   14.895305] tun: Universal TUN/TAP device driver, 1.6
[   14.908131] tun: (C) 1999-2004 Max Krasnyansky <maxk@qualcomm.com>
[   14.944268] PPP generic driver version 2.4.2
[   14.976784] ehci_hcd: USB 2.0 'Enhanced' Host Controller (EHCI) Driver
[   15.028106] ehci-pci: EHCI PCI platform driver
[   15.083319] ehci-platform: EHCI generic platform driver
[   15.139740] ohci_hcd: USB 1.1 'Open' Host Controller (OHCI) Driver
[   15.182776] ohci-pci: OHCI PCI platform driver
[   15.222033] ohci-platform: OHCI generic platform driver
[   15.256644] uhci_hcd: USB Universal Host Controller Interface driver
[   15.278170] i8042: PNP: PS/2 Controller [PNP0303:PS2K,PNP0f03:PS2M] at 0x60,0x64 irq 1,12
[   15.346736] serio: i8042 KBD port at 0x60,0x64 irq 1
[   15.414262] serio: i8042 AUX port at 0x60,0x64 irq 12
[   15.459225] mousedev: PS/2 mouse device common for all mice
[   15.496036] input: AT Translated Set 2 keyboard as /devices/platform/i8042/serio0/input/input2
[   15.565719] rtc_cmos rtc_cmos: rtc core: registered rtc_cmos as rtc0
[   15.634680] rtc_cmos rtc_cmos: alarms up to one day, 114 bytes nvram
[   15.668864] i2c /dev entries driver
[   15.710688] device-mapper: uevent: version 1.0.3
[   15.751106] device-mapper: ioctl: 4.34.0-ioctl (2015-10-28) initialised: dm-devel@redhat.com
[   15.804726] ledtrig-cpu: registered to indicate activity on CPUs
[   15.825834] NET: Registered protocol family 10
[   15.846197] NET: Registered protocol family 17
[   15.870588] Key type dns_resolver registered
[   15.894517] microcode: CPU0 sig=0x406e3, pf=0x2, revision=0x0
[   15.930654] microcode: Microcode Update Driver: v2.01 <tigran@aivazian.fsnet.co.uk>, Peter Oruba
[   16.008693] registered taskstats version 1
[   16.013922] Loading compiled-in X.509 certificates
[   16.079785] Loaded X.509 cert 'Build time autogenerated kernel key: b1a6ea8776bed2812c00d8a799f968274ef48628'
[   16.182079] zswap: loaded using pool lzo/zbud
[   16.225662] Key type trusted registered
[   16.264739] Key type encrypted registered
[   16.320485] AppArmor: AppArmor sha1 policy hashing enabled
[   16.373433] ima: No TPM chip found, activating TPM-bypass!
[   16.464104] evm: HMAC attrs: 0x1
[   16.505064]   Magic number: 5:25:731
[   16.567464] rtc_cmos rtc_cmos: setting system clock to 2017-10-02 11:44:13 UTC (1506944653)
[   16.681236] BIOS EDD facility v0.16 2004-Jun-25, 0 devices found
[   16.747110] EDD information not available.
[   16.797354] Freeing unused kernel memory: 1492K
[   16.871102] Write protecting the kernel read-only data: 14336k
[   16.915891] Freeing unused kernel memory: 1748K
[   16.948216] Freeing unused kernel memory: 112K
Loading, please wait...
starting version[   17.001664] random: udevadm: uninitialized urandom read (16 bytes read, 7 bits of entropy available)
 229
[   17.054460] random: systemd-udevd: uninitialized urandom read (16 bytes read, 7 bits of entropy available)
[   17.188787] random: udevadm: uninitialized urandom read (16 bytes read, 7 bits of entropy available)
[   17.303954] random: systemd-udevd: uninitialized urandom read (16 bytes read, 7 bits of entropy available)
[   17.425617] random: udevadm: uninitialized urandom read (16 bytes read, 7 bits of entropy available)
[   17.569906] random: systemd-udevd: uninitialized urandom read (16 bytes read, 7 bits of entropy available)
[   17.690146] random: udevadm: uninitialized urandom read (16 bytes read, 7 bits of entropy available)
[   17.755433] random: systemd-udevd: uninitialized urandom read (16 bytes read, 7 bits of entropy available)
[   17.789815] random: udevadm: uninitialized urandom read (16 bytes read, 7 bits of entropy available)
[   17.894337] random: udevadm: uninitialized urandom read (16 bytes read, 7 bits of entropy available)
[   18.069473] Fusion MPT base driver 3.04.20
[   18.093507] Copyright (c) 1999-2008 LSI Corporation
[   18.106727] e1000: Intel(R) PRO/1000 Network Driver - version 7.3.21-k8-NAPI
[   18.162713] e1000: Copyright (c) 1999-2006 Intel Corporation.
[   18.249634] AVX version of gcm_enc/dec engaged.
[   18.281692] AES CTR mode by8 optimization enabled
[   18.329641] input: ImExPS/2 Generic Explorer Mouse as /devices/platform/i8042/serio1/input/input4
[   18.434284] Fusion MPT SPI Host driver 3.04.20
[   18.498758] mptbase: ioc0: Initiating bringup
[   18.591562] ioc0: LSI53C1030 A0: Capabilities={Initiator}
[   18.824508] scsi host2: ioc0: LSI53C1030 A0, FwRev=00000000h, Ports=1, MaxQ=256, IRQ=20
[   19.040760] scsi 2:0:0:0: Direct-Access     VBOX     HARDDISK         1.0  PQ: 0 ANSI: 5
[   19.120578] scsi target2:0:0: Beginning Domain Validation
[   19.245577] scsi target2:0:0: Domain Validation skipping write tests
[   19.305107] scsi target2:0:0: Ending Domain Validation
[   19.450167] scsi target2:0:0: asynchronous
[   19.531418] scsi 2:0:1:0: Direct-Access     VBOX     HARDDISK         1.0  PQ: 0 ANSI: 5
[   19.638890] scsi target2:0:1: Beginning Domain Validation
[   19.739370] scsi target2:0:1: Domain Validation skipping write tests
[   19.775830] scsi target2:0:1: Ending Domain Validation
[   19.839324] scsi target2:0:1: asynchronous
[   19.913018] e1000 0000:00:03.0 eth0: (PCI:33MHz:32-bit) 02:d2:3e:0e:ff:c0
[   19.981597] e1000 0000:00:03.0 eth0: Intel(R) PRO/1000 Network Connection
[   20.041665] e1000 0000:00:03.0 enp0s3: renamed from eth0
[   20.126299] sd 2:0:0:0: Attached scsi generic sg0 type 0
[   20.177135] sd 2:0:0:0: [sda] 20971520 512-byte logical blocks: (10.7 GB/10.0 GiB)
[   20.264153] sd 2:0:1:0: Attached scsi generic sg1 type 0
[   20.321536] sd 2:0:1:0: [sdb] 20480 512-byte logical blocks: (10.5 MB/10.0 MiB)
[   20.386466] sd 2:0:0:0: [sda] Write Protect is off
[   20.458111] sd 2:0:1:0: [sdb] Write Protect is off
[   20.482811] sd 2:0:0:0: [sda] Incomplete mode parameter data
[   20.572607] sd 2:0:0:0: [sda] Assuming drive cache: write through
[   20.695951] sd 2:0:1:0: [sdb] Incomplete mode parameter data
[   20.761606] sd 2:0:1:0: [sdb] Assuming drive cache: write through
[   20.939440]  sda: sda1
[   20.985213] sd 2:0:0:0: [sda] Attached SCSI disk
[   21.089184] sd 2:0:1:0: [sdb] Attached SCSI disk
[   21.247208] floppy0: no floppy controllers found
Begin: Loading e[   22.775797] md: linear personality registered for level -1
ssential drivers[   22.835657] md: multipath personality registered for level -4
 ... [   22.895142] md: raid0 personality registered for level 0
[   22.968849] md: raid1 personality registered for level 1
[   23.103406] raid6: sse2x1   gen()  5924 MB/s
[   23.211841] raid6: sse2x1   xor()  4121 MB/s
[   23.339150] raid6: sse2x2   gen()  7254 MB/s
[   23.463155] raid6: sse2x2   xor()  4954 MB/s
[   23.575499] raid6: sse2x4   gen()  6908 MB/s
[   23.659214] raid6: sse2x4   xor()  6122 MB/s
[   23.696272] raid6: using algorithm sse2x2 gen() 7254 MB/s
[   23.772727] raid6: .... xor() 4954 MB/s, rmw enabled
[   23.821309] raid6: using ssse3x2 recovery algorithm
[   23.905989] xor: automatically using best checksumming function:
[   24.011637]    avx       : 14371.000 MB/sec
[   24.070324] async_tx: api initialized (async)
[   24.167303] md: raid6 personality registered for level 6
[   24.243712] md: raid5 personality registered for level 5
[   24.302837] md: raid4 personality registered for level 4
[   24.366792] md: raid10 personality registered for level 10
done.
Begin: Running /scripts/init-premount ... done.
Begin: Mounti[   24.475454] Btrfs loaded
ng root file system ... Begin: Running /scripts/local-top ... done.
Begin: Running /scripts/local-premount ... [   24.634001] EXT4-fs (sda1): mounted filesystem with ordered data mode. Opts: (null)
Scanning for Btrfs filesystems
done.
Warning: fsck not present, so skipping root file system
done.
Begin: Running /scripts/local-bottom ... done.
Begin: Running /scripts/init-bottom ... done.
[   25.178272] random: nonblocking pool is initialized
[   25.289682] systemd[1]: systemd 229 running in system mode. (+PAM +AUDIT +SELINUX +IMA +APPARMOR +SMACK +SYSVINIT +UTMP +LIBCRYPTSETUP +GCRYPT +GNUTLS +ACL +XZ -LZ4 +SECCOMP +BLKID +ELFUTILS +KMOD -IDN)
[   25.499255] systemd[1]: Detected virtualization oracle.
[   25.568351] systemd[1]: Detected architecture x86-64.

Welcome to [1mUbuntu 16.04.3 LTS[0m!

[   25.750499] systemd[1]: Set hostname to <ubuntu>.
[   25.844224] systemd[1]: Initializing machine ID from random generator.
[   25.909582] systemd[1]: Installed transient /etc/machine-id file.
[   26.681157] systemd[1]: Listening on LVM2 poll daemon socket.
[[0;32m  OK  [0m] Listening on LVM2 poll daemon socket.
[   26.819319] systemd[1]: Listening on Journal Socket.
[[0;32m  OK  [0m] Listening on Journal Socket.
[   26.869973] systemd[1]: Listening on /dev/initctl Compatibility Named Pipe.
[[0;32m  OK  [0m] Listening on /dev/initctl Compatibility Named Pipe.
[   26.968609] systemd[1]: Created slice User and Session Slice.
[[0;32m  OK  [0m] Created slice User and Session Slice.
[   27.051712] systemd[1]: Listening on Journal Socket (/dev/log).
[[0;32m  OK  [0m] Listening on Journal Socket (/dev/log).
[   27.143904] systemd[1]: Reached target User and Group Name Lookups.
[[0;32m  OK  [0m] Reached target User and Group Name Lookups.
[   27.227325] systemd[1]: Listening on Journal Audit Socket.
[[0;32m  OK  [0m] Listening on Journal Audit Socket.
[   27.303498] systemd[1]: Set up automount Arbitrary Executable File Formats File System Automount Point.
[[0;32m  OK  [0m] Set up automount Arbitrary Executab...ats File System Automount Point.
[   27.423334] systemd[1]: Listening on LVM2 metadata daemon socket.
[[0;32m  OK  [0m] Listening on LVM2 metadata daemon socket.
[   27.579865] systemd[1]: Listening on udev Control Socket.
[[0;32m  OK  [0m] Listening on udev Control Socket.
[   27.704645] systemd[1]: Created slice System Slice.
[[0;32m  OK  [0m] Created slice System Slice.
[   27.828276] systemd[1]: Starting Create list of required static device nodes for the current kernel...
         Starting Create list of required st... nodes for the current kernel...
[   27.948181] systemd[1]: Created slice system-serial\x2dgetty.slice.
[[0;32m  OK  [0m] Created slice system-serial\x2dgetty.slice.
[   28.040710] systemd[1]: Starting Uncomplicated firewall...
         Starting Uncomplicated firewall...
[   28.152511] systemd[1]: Mounting Huge Pages File System...
         Mounting Huge Pages File System...
[   28.284456] systemd[1]: Mounting POSIX Message Queue File System...
         Mounting POSIX Message Queue File System...
[   28.480514] systemd[1]: Starting Remount Root and Kernel File Systems...
         Starting Remount[   28.558939] EXT4-fs (sda1): re-mounted. Opts: (null)
 Root and Kernel File Systems...
[   28.680617] systemd[1]: Starting Set console keymap...
         Starting Set console keymap...
[   28.796315] systemd[1]: Starting Load Kernel Modules...
         Starting Load Kernel Modules...
[   28.913365] systemd[1]: Mounting Debug File System...
         [   29.022730] Loading iSCSI transport class v2.0-870.
Mounting Debug File System...
[   29.073303] iscsi: registered transport (tcp)
[   29.111839] systemd[1]: Starting Nameserver information manager...
         Starting Nameserver information manager...
[   29.172734] systemd[1]: Reached target Encrypted Volumes.
[[0;32m  OK  [0m] Reached targe[   29.239870] iscsi: registered transport (iser)
t Encrypted Volumes.
[   29.307346] systemd[1]: Started Forward Password Requests to Wall Directory Watch.
[[0;32m  OK  [0m] Started Forward Password Requests to Wall Directory Watch.
[   29.439545] systemd[1]: Reached target Slices.
[[0;32m  OK  [0m] Reached target Slices.
[   29.556387] systemd[1]: Started Trigger resolvconf update for networkd DNS.
[[0;32m  OK  [0m] Started Trigger resolvconf update for networkd DNS.
[   29.728064] systemd[1]: Reached target Swap.
[[0;32m  OK  [0m] Reached target Swap.
[   29.843985] systemd[1]: Listening on Device-mapper event daemon FIFOs.
[[0;32m  OK  [0m] Listening on Device-mapper event daemon FIFOs.
[   30.001204] systemd[1]: Starting Monitoring of LVM2 mirrors, snapshots etc. using dmeventd or progress polling...
         Starting Monitoring of LVM2 mirrors... dmeventd or progress polling...
[   30.167543] systemd[1]: Listening on Syslog Socket.
[[0;32m  OK  [0m] Listening on Syslog Socket.
[   30.260616] systemd[1]: Starting Journal Service...
         Starting Journal Service...
[   30.343483] systemd[1]: Listening on udev Kernel Socket.
[[0;32m  OK  [0m] Listening on udev Kernel Socket.
[   30.485434] systemd[1]: Mounted Debug File System.
[[0;32m  OK  [0m] Mounted Debug File System.
[   30.615316] systemd[1]: Mounted Huge Pages File System.
[[0;32m  OK  [0m] Mounted Huge Pages File System.
[   30.751665] systemd[1]: Mounted POSIX Message Queue File System.
[[0;32m  OK  [0m] Mounted POSIX Message Queue File System.
[   30.904125] systemd[1]: Started Journal Service.
[[0;32m  OK  [0m] Started Journal Service.
[[0;32m  OK  [0m] Started Create list of required sta...ce nodes for the current kernel.
[[0;32m  OK  [0m] Started Uncomplicated firewall.
[[0;32m  OK  [0m] Started Remount Root and Kernel File Systems.
[[0;32m  OK  [0m] Started Set console keymap.
[[0;32m  OK  [0m] Started Load Kernel Modules.
[[0;32m  OK  [0m] Started Nameserver information manager.
[[0;32m  OK  [0m] Started LVM2 metadata daemon.
         Mounting FUSE Control File System...
         Starting Apply Kernel Variables...
         Starting Load/Save Random Seed...
         Starting Initial cloud-init job (pre-networking)...
         Starting udev Coldplug all Devices...
         Starting Create Static Device Nodes in /dev...
         Starting Flush Journal to Persistent Storage...
[[0;32m  OK  [0m] Mounted FUSE Control File System.
[[0;32m  OK  [0m] Started Monitoring of LVM2 mirrors,...ng dmeventd or progress polling.
[[0;32m  OK  [0m] Started Apply Kernel Variables.
[[0;32m  OK  [0m] Started Load/Save Random Seed.
[[0;32m  OK  [0m] Started Create Static Device Nodes in /dev.
[[0;32m  OK  [0m] Started udev Coldplug all Devices.
         Starting udev Kernel Device Manager...
[[0;32m  OK  [0m] Started Flush Journal to Persistent Storage.
[[0;32m  OK  [0m] Started udev Kernel Device Manager.
[[0;32m  OK  [0m] Started Dispatch Password Requests to Console Directory Watch.
[[0;32m  OK  [0m] Reached target Local File Systems (Pre).
[[0;32m  OK  [0m] Reached target Local File Systems.
         Starting Commit a transient machine-id on disk...
         Starting Create Volatile Files and Directories...
         Starting Set console font and keymap...
         Starting Tell Plymouth To Write Out Runtime Data...
         Starting LSB: AppArmor initialization...
[[0;32m  OK  [0m] Started Commit a transient machine-id on disk.
[[0;32m  OK  [0m] Started Create Volatile Files and Directories.
[[0;32m  OK  [0m] Started Tell Plymouth To Write Out Runtime Data.
[[0;32m  OK  [0m] Found device /dev/ttyS0.
[[0;32m  OK  [0m] Reached target System Time Synchronized.
         Starting Update UTMP about System Boot/Shutdown...
[[0;32m  OK  [0m] Started Update UTMP about System Boot/Shutdown.
[[0;32m  OK  [0m] Started Set console font and keymap.
[[0;32m  OK  [0m] Created slice system-getty.slice.
[[0;32m  OK  [0m] Listening on Load/Save RF Kill Switch Status /dev/rfkill Watch.
[[0;32m  OK  [0m] Started LSB: AppArmor initialization.
[   27.960750] cloud-init[456]: Cloud-init v. 0.7.9 running 'init-local' at Mon, 02 Oct 2017 11:44:32 +0000. Up 27.35 seconds.
[[0;32m  OK  [0m] Started Initial cloud-init job (pre-networking).
[[0;32m  OK  [0m] Reached target Network (Pre).
         Starting Raise network interfaces...
[[0;32m  OK  [0m] Started Raise network interfaces.
         Starting Initial cloud-init job (metadata service crawler)...
[[0;32m  OK  [0m] Reached target Network.
[   30.516363] cloud-init[941]: Cloud-init v. 0.7.9 running 'init' at Mon, 02 Oct 2017 11:44:34 +0000. Up 28.94 seconds.
[   30.608777] cloud-init[941]: ci-info: +++++++++++++++++++++++++++++++++++++Net device info++++++++++++++++++++++++++++++++++++++
[[0;32m  OK  [0m] Started Initial cloud-init job (metadata service crawler).
[[0;32m  OK  [0m] Reached target System Initialization.
[   30.707411] cloud-init[941]: ci-info: +--------+------+----------------------------+---------------+-------+-------------------+
[   30.952437] cloud-init[941]: ci-info: | Device |  Up  |          Address           |      Mask     | Scope |     Hw-Address    |
[[0;32m  OK  [0m] Started ACPI Events Check.
[[0;32m  OK  [0m] Reached target Paths.
[   31.102800] cloud-init[941]: ci-info: +--------+------+----------------------------+---------------+-------+-------------------+
[   31.337034] cloud-init[941]: ci-info: |   lo   | True |         127.0.0.1          |   255.0.0.0   |   .   |         .         |
[[0;32m  OK  [0m] Started Timer to automatically fetch and run repair assertions.
[   31.455929] cloud-init[941]: ci-info: |   lo   | True |          ::1/128           |       .       |  host |         .         |
[[0;32m  OK  [0m] Listening on UUID daemon activation socket.
         Starting Socket activation for snappy daemon.
[   31.670577] cloud-init[941]: ci-info: | enp0s3 | True |         10.0.2.15          | 255.255.255.0 |   .   | 02:d2:3e:0e:ff:c0 |
[   31.932682] cloud-init[941]: ci-info: | enp0s3 | True | fe80::d2:3eff:fe0e:ffc0/64 |       .       |  link | 02:d2:3e:0e:ff:c0 |
[[0;32m  OK  [0m] Started Daily Cleanup of Temporary Directories.
[[0;32m  OK  [0m] Listening on D-Bus System Message Bus Socket.
[   32.063245] cloud-init[941]: ci-info: +--------+------+----------------------------+---------------+-------+-------------------+
[[0;32m  OK  [0m] Listening on ACPID Listen Socket.
[   32.339034] cloud-init[941]: ci-info: +++++++++++++++++++++++++++Route IPv4 info++++++++++++++++++++++++++++
[   32.504372] cloud-init[941]: ci-info: +-------+-------------+----------+---------------+-----------+-------+
[   32.601226] cloud-init[941]:          Starting LXD - unix socket.
[[0;32m  OK  [0m] Started Timer to automatically refresh installed snaps.
[[0;32m  OK  [0m] Reached target Cloud-config availability.
[[0;32m  OK  [0m] Reached target Network is Online.
         Starting iSCSI initiator daemon (iscsid)...
[[0;32m  OK  [0m] Started Daily apt download activities.
[[0;32m  OK  [0m] Started Daily apt upgrade and clean activities.
[[0;32m  OK  [0m] Reached target Timers.
[[0;32m  OK  [0m] Listening on Socket activation for snappy daemon.
[[0;32m  OK  [0m] Listening on LXD - unix socket.
ci-info: | Route | Destination | Gateway  |    Genmask    | Interface | Flags |
[[0;32m  OK  [0m] Reached target Sockets.
[   33.194985] cloud-init[941]: ci-info: +-------+-------------+----------+---------------+-----------+-------+
[[0;32m  OK  [0m] Reached target Basic System.
[   33.307174] cloud-init[941]: ci-info: |   0   |   0.0.0.0   | 10.0.2.2 |    0.0.0.0    |   enp0s3  |   UG  |
         Starting Login Service...
[[0;32m  OK  [0m] Started Deferred execution scheduler.
         Starting Apply the settings specified in cloud-config...
[[0;32m  OK  [0m] Started D-Bus System Message Bus.
[   33.427983] cloud-init[941]: ci-info: |   1   |   10.0.2.0  | 0.0.0.0  | 255.255.255.0 |   enp0s3  |   U   |
[   33.685715] cloud-init[941]: ci-info: +-------+-------------+----------+---------------+-----------+-------+
[[0;32m  OK  [0m[   33.752847] cloud-init[941]: Generating public/private rsa key pair.
[   33.754089] cloud-init[941]: Your identification has been saved in /etc/ssh/ssh_host_rsa_key.
[   33.754189] cloud-init[941]: Your public key has been saved in /etc/ssh/ssh_host_rsa_key.pub.
[   33.754245] cloud-init[941]: The key fingerprint is:
[   33.754300] cloud-init[941]: SHA256:Dj7Zf1tg5TZovEbshfF3m5i6gGkI+Vx0ayHcyfd+Y3k root@ubuntu-xenial
[   33.754350] cloud-init[941]: The key's randomart image is:
[   33.754401] cloud-init[941]: +---[RSA 2048]----+
[   33.754455] cloud-init[941]: |                 |
[   33.754501] cloud-init[941]: |      . o .      |
[   33.754544] cloud-init[941]: |       + * .. .  |
[   33.754592] cloud-init[941]: |    . . o +o.B   |
[   33.754640] cloud-init[941]: |   o  ..So  X.* o|
[   33.754684] cloud-init[941]: |    +.o=+  =.=oo=|
[   33.755135] cloud-init[941]: |     +++o.  ++.BE|
[   33.755220] cloud-init[941]: |      .. ...o.o o|
[   33.755272] cloud-init[941]: |          .+o.   |
[   33.755318] cloud-init[941]: +----[SHA256]-----+
[   33.755362] cloud-init[941]: Generating public/private dsa key pair.
[   33.755409] cloud-init[941]: Your identification has been saved in /etc/ssh/ssh_host_dsa_key.
[   33.755466] cloud-init[941]: Your public key has been saved in /etc/ssh/ssh_host_dsa_key.pub.
[   33.755515] cloud-init[941]: The key fingerprint is:
[   33.755568] cloud-init[941]: SHA256:r8djpAdDGa399rHW8ly9n7e0MlPGbDtS7F7eIEIrreY root@ubuntu-xenial
[   33.755613] cloud-init[941]: The key's randomart image is:
[   33.755659] cloud-init[941]: +---[DSA 1024]----+
[   33.755705] cloud-init[941]: |         .       |
[   33.755757] cloud-init[941]: |        . .      |
[   33.755797] cloud-init[941]: |         =       |
[   33.755847] cloud-init[941]: |        + .      |
[   33.755971] cloud-init[941]: |       .S ..  +  |
[   33.756020] cloud-init[941]: |        o+..o .O.|
[   33.756055] cloud-init[941]: |        .*=...B==|
[   33.756098] cloud-init[941]: |        o+*. **BX|
[   33.756144] cloud-init[941]: |       oE+ . .*O@|
[   33.756185] cloud-init[941]: +----[SHA256]-----+
[   33.756228] cloud-init[941]: Generating public/private ecdsa key pair.
[   33.756276] cloud-init[941]: Your identification has been saved in /etc/ssh/ssh_host_ecdsa_key.
[   33.756320] cloud-init[941]: Your public key has been saved in /etc/ssh/ssh_host_ecdsa_key.pub.
[   33.756364] cloud-init[941]: The key fingerprint is:
] Started ACPI event daemon.
[[0;32m  OK  [0m] Started Unattended Upgrades Shutdown.
[[0;32m  OK  [0m] Started FUSE filesystem for LXC.
         Starting LSB: MD monitoring daemon...
         Starting LXD - container startup/shutdown...
         Starting System Logging Service...
[   33.760605] cloud-init[941]: SHA256:2WnOOOECW6wSwweKFHjll/JRWXN3dyJ+6wIJx2Hbpkw root@ubuntu-xenial
[[0;32m  OK  [0m] Started Regular background program processing daemon.
         Starting /etc/rc.local Compatibility...
         Starting Accounts Service...
[   35.222786] cloud-init[941]: The key's randomart image is:
         Starting Pollinate to seed the pseudo random number generator...
         Starting LSB: Record successful boot for GRUB...
[   35.356089] cloud-init[941]: +---[ECDSA 256]---+
         Starting Snappy daemon...
[   35.504107] cloud-init[941]: |.. ..   .o= o o +|
[[   35.580400] cloud-init[941]: |. o.   o.o B o oo|
[   35.580746] cloud-init[941]: | o. o + . E + .  |
[   35.580797] cloud-init[941]: |oo . = . B = . . |
[   35.580862] cloud-init[941]: |o + o + S O   .  |
[   35.580929] cloud-init[941]: |   + = . * . .   |
[   35.580981] cloud-init[941]: |  . o . + o . .  |
[   35.581024] cloud-init[941]: |   .   . .   .   |
[   35.581069] cloud-init[941]: |                 |
[   35.581128] cloud-init[941]: +----[SHA256]-----+
[   35.581203] cloud-init[941]: Generating public/private ed25519 key pair.
[   35.581239] cloud-init[941]: Your identification has been saved in /etc/ssh/ssh_host_ed25519_key.
[   35.581268] cloud-init[941]: Your public key has been saved in /etc/ssh/ssh_host_ed25519_key.pub.
[   35.581294] cloud-init[941]: The key fingerprint is:
[   35.581322] cloud-init[941]: SHA256:zXyTXZ57B+RYzf7Efyod+QghKyqc/Hl7cJvv6OwwkSQ root@ubuntu-xenial
[   35.581362] cloud-init[941]: The key's randomart image is:
[   35.581397] cloud-init[941]: +--[ED25519 256]--+
[   35.581441] cloud-init[941]: |                 |
[   35.581469] cloud-init[941]: |               o |
[   35.581500] cloud-init[941]: |      E .     o +|
[   35.581528] cloud-init[941]: |       o =. .B =.|
[   35.581555] cloud-init[941]: |        S +o=.+o=|
[   35.581587] cloud-init[941]: |        o.o...oo+|
[   35.581614] cloud-init[941]: |   o . .o+ o o =*|
[   35.581643] cloud-init[941]: |    = ...++.. o.=|
[   35.581966] cloud-init[941]: |     oo..==oo..  |
[   35.582005] cloud-init[941]: +----[SHA256]-----+
[   35.583208] cloud-init[1040]: Generating locales (this might take a while)...
[0;32m  OK  [0m] Started System Logging Service.
[[0;32m  OK  [0m] Started /etc/rc.local Compatibility.
[   36.520075] cloud-init[1040]:   en_US.UTF-8... done
[   36.557222] [[0;32m  OK  [0m] Started iSCSI initiator daemon (iscsid).
cloud-init[1040]: Generation complete.
[[0;32m  OK  [0m] Started Login Service.
         Starting Authenticate and Authorize Users to Run Privileged Tasks...
         Starting Login to default iSCSI targets...
[[0;32m  OK  [0m] Started LSB: MD monitoring daemon.
[[0;32m  OK  [0m] Started LSB: Record successful boot for GRUB.
[[0;32m  OK  [0m] Started Authenticate and Authorize Users to Run Privileged Tasks.
[[0;32m  OK  [0m] Started Login to default iSCSI targets.
[[0;32m  OK  [0m] Started Accounts Service.
[[0;32m  OK  [0m] Reached target Remote File Systems (Pre).
[[0;32m  OK  [0m] Reached target Remote File Systems.
         Starting LSB: daemon to balance interrupts for SMP systems...
         Starting Permit User Sessions...
         Starting LSB: Set the CPU Frequency Scaling governor to "ondemand"...
         Starting LSB: automatic crash report generation...
         Starting LSB: VirtualBox Linux Additions...
[[0;32m  OK  [0m] Started LXD - container startup/shutdown.
[[0;32m  OK  [0m] Started Permit User Sessions.
[[0;32m  OK  [0m] Started LSB: Set the CPU Frequency Scaling governor to "ondemand".
         Starting Terminate Plymouth Boot Screen...
         Starting Hold until boot process finishes up...
[[0;32m  OK  [0m] Started Terminate Plymouth Boot Screen.
[[0;32m  OK  [0m] Started Hold until boot process finishes up.
[[0;32m  OK  [0m] Started Serial Getty on ttyS0.
[[0;32m  OK  [0m] Started Getty on tty1.
[[0;32m  OK  [0m] Reached target Login Prompts.
         Starting Set console scheme...
[[0;32m  OK  [0m] Started Snappy daemon.
[[0;32m  OK  [0m] Started LSB: daemon to balance interrupts for SMP systems.
[[0;32m  OK  [0m] Started LSB: automatic crash report generation.
[[0;32m  OK  [0m] Started Set console scheme.
         Starting Auto import assertions from block devices...
[[0;32m  OK  [0m] Started Auto import assertions from block devices.
[[0;32m  OK  [0m] Started LSB: VirtualBox Linux Additions.
[[0;32m  OK  [0m] Stopped OpenBSD Secure Shell server.
         Starting OpenBSD Secure Shell server...
[[0;32m  OK  [0m] Started OpenBSD Secure Shell server.
[   39.292982] cloud-init[1040]: Cloud-init v. 0.7.9 running 'modules:config' at Mon, 02 Oct 2017 11:44:39 +0000. Up 34.03 seconds.
[[0;32m  OK  [0m] Started Apply the settings specified in cloud-config.

Ubuntu 16.04.3 LTS ubuntu-xenial ttyS0

ubuntu-xenial login: ci-info: +++++Authorized keys from /home/ubuntu/.ssh/authorized_keys for user ubuntu++++++
ci-info: +---------+-------------------------------------------------+---------+---------+
ci-info: | Keytype |                Fingerprint (md5)                | Options | Comment |
ci-info: +---------+-------------------------------------------------+---------+---------+
ci-info: | ssh-rsa | 77:f1:7b:6f:e6:ee:c5:71:fc:2b:da:77:e4:d7:e0:d3 |    -    | vagrant |
ci-info: +---------+-------------------------------------------------+---------+---------+
<14>Oct  2 11:44:53 ec2: 
<14>Oct  2 11:44:53 ec2: #############################################################
<14>Oct  2 11:44:53 ec2: -----BEGIN SSH HOST KEY FINGERPRINTS-----
<14>Oct  2 11:44:53 ec2: 1024 SHA256:r8djpAdDGa399rHW8ly9n7e0MlPGbDtS7F7eIEIrreY root@ubuntu-xenial (DSA)
<14>Oct  2 11:44:53 ec2: 256 SHA256:2WnOOOECW6wSwweKFHjll/JRWXN3dyJ+6wIJx2Hbpkw root@ubuntu-xenial (ECDSA)
<14>Oct  2 11:44:53 ec2: 256 SHA256:zXyTXZ57B+RYzf7Efyod+QghKyqc/Hl7cJvv6OwwkSQ root@ubuntu-xenial (ED25519)
<14>Oct  2 11:44:53 ec2: 2048 SHA256:Dj7Zf1tg5TZovEbshfF3m5i6gGkI+Vx0ayHcyfd+Y3k root@ubuntu-xenial (RSA)
<14>Oct  2 11:44:53 ec2: -----END SSH HOST KEY FINGERPRINTS-----
<14>Oct  2 11:44:53 ec2: #############################################################
-----BEGIN SSH HOST KEY KEYS-----
ecdsa-sha2-nistp256 AAAAE2VjZHNhLXNoYTItbmlzdHAyNTYAAAAIbmlzdHAyNTYAAABBBNBQbOslxlpnR1YBgo96rKZXHSQjLcr9/bYlc03dL2a6i/+xXaBzskwi9wYxTeqTgmXvv1BdW7jauTVKOdwePNU= root@ubuntu-xenial
ssh-ed25519 AAAAC3NzaC1lZDI1NTE5AAAAIOSkqwVsEtqQD6I0EpBiFxFewG+Anxyz2eNQ621VM5vc root@ubuntu-xenial
ssh-rsa AAAAB3NzaC1yc2EAAAADAQABAAABAQDPZVPvED4rjZte67jP9E7dJ806QfLF8hLpl+OPI7/EoPRuLwswKYP31h5fnGcHPADyTLWdRlYS19Q2r6CE/IANX7NZuBu2hnDBOzzSq6J8zQK080H2I2G6N4oMg59I5FO0zWaF00f+yM7udkEVk1SjZFlYwxtxa7WcSlOdcos4BlA7pDgNdwL7gDirGuJdoV1vn+O5zzKxxy58wlNktOoeKxrGxVEqPI3HTxw4eQAOzYLOpLUgNqnd/wJ93eOFuP6QoEbzskKSMS6Hv6e375+6y9d9Pn53TLoEqp063UlxEhm1NKFt+iLBGACP6vfi7hmAdKwm/2Th0Q2zrik8tCuf root@ubuntu-xenial
-----END SSH HOST KEY KEYS-----
[   47.705402] cloud-init[1456]: Cloud-init v. 0.7.9 running 'modules:final' at Mon, 02 Oct 2017 11:44:52 +0000. Up 47.36 seconds.
[   47.705559] cloud-init[1456]: Cloud-init v. 0.7.9 finished at Mon, 02 Oct 2017 11:44:53 +0000. Datasource DataSourceNoCloud [seed=/dev/sdb][dsmode=net].  Up 47.69 seconds
